<?xml version="1.0" encoding="UTF-8"?><testsuite failures="0" name="cucumber.runtime.formatter.JUnitFormatter" skipped="0" tests="1" time="22.485719">
<testcase classname="FREE CRM Application Deals Features" name="Create new Deals scenario" time="22.485719">
<system-out><![CDATA[Given The user is browser url...............................................passed
Then The user is on loginpage...............................................passed
When The login page title is correct........................................passed
Then The user entered username and password.................................passed
And The user logged into application........................................passed
Then The user is on HomePage................................................passed
When The title of the homepage is correct...................................passed
And The user wants to add deals.............................................passed
Then User enteres deal details..............................................passed
And The user clicks on Save button..........................................passed
Then Quit the browser.......................................................passed
]]></system-out>
</testcase>
</testsuite>
